1774596001553	geckodriver	INFO	Listening on 127.0.0.1:55447
1774596004893	mozrunner::runner	INFO	Running command: "C:\\Users\\HP\\.cache\\selenium\\firefox\\win64\\149.0\\firefox.exe" "--marionette" "-headless" "--remote-d ... 5448" "--remote-allow-hosts" "localhost" "-no-remote" "-profile" "C:\\Users\\HP\\AppData\\Local\\Temp\\rust_mozprofile3PPErm"
*** You are running in headless mode.
Dynamically enable window occlusion 0
1774596007175	Marionette	INFO	Marionette enabled
1774596007435	Marionette	INFO	Listening on port 55456
WebDriver BiDi listening on ws://127.0.0.1:55448
Read port: 55456
1774596007701	RemoteAgent	WARN	TLS certificate errors will be ignored for this session
[GFX1-]: RenderCompositorSWGL failed mapping default framebuffer, no dt
console.error: [Exception... "Component returned failure code: 0x80070057 (NS_ERROR_ILLEGAL_VALUE) [nsIWinTaskbar.getTaskbarProgress]"  nsresult: "0x80070057 (NS_ERROR_ILLEGAL_VALUE)"  location: "JS frame :: moz-src:///browser/components/downloads/DownloadsTaskbar.sys.mjs :: #windowsAttachIndicator :: line 183"  data: no]
console.error: "Experiment visual-card-updates has unknown featureId: newtabRefinedCardsLayout"
JavaScript error: , line 0: SyntaxError: JSON.parse: expected double-quoted property name at line 1 column 153 of the JSON data
JavaScript error: , line 0: SyntaxError: JSON.parse: expected double-quoted property name at line 1 column 153 of the JSON data
1774596015015	Marionette	INFO	Stopped listening on port 55456
JavaScript error: , line 0: SyntaxError: JSON.parse: expected double-quoted property name at line 1 column 153 of the JSON data
JavaScript error: , line 0: SyntaxError: JSON.parse: expected double-quoted property name at line 1 column 153 of the JSON data
Dynamically enable window occlusion 1
JavaScript warning: https://securepubads.g.doubleclick.net/pagead/managed/js/gpt/m202603190101/pubads_impl.js, line 19: Script terminated by timeout at:
b@https://securepubads.g.doubleclick.net/pagead/managed/js/gpt/m202603190101/pubads_impl.js:19:195949

console.warn: TopSitesFeed: Failed to fetch data from MARS server: NetworkError when attempting to fetch resource.
console.error: Translations: "Failed to run language detection." (new AbortError("Actor 'Translations' destroyed before query 'Translations:GetDocumentElementLang' was resolved", (void 0), 587))
